<?xml version="1.0" encoding="UTF-8"?>
<testsuite xmlns:xsi="http://www.w3.org/2001/XMLSchema-instance" xsi:noNamespaceSchemaLocation="https://maven.apache.org/surefire/maven-surefire-plugin/xsd/surefire-test-report.xsd" name="org.csc.nsk.java2020.task01.arrays.ArraysTest" time="0.046" tests="7" errors="0" skipped="0" failures="7">
  <properties>
[...]
</properties>
  <testcase name="testAvg" classname="org.csc.nsk.java2020.task01.arrays.ArraysTest" time="0.006">
    <failure message="expected:&lt;0.0&gt; but was:&lt;2.0&gt;" type="java.lang.AssertionError"><![CDATA[java.lang.AssertionError: expected:<0.0> but was:<2.0>
	at org.csc.nsk.java2020.task01.arrays.ArraysTest.testAvg(ArraysTest.java:37)
]]></failure>
  </testcase>
  <testcase name="testMax" classname="org.csc.nsk.java2020.task01.arrays.ArraysTest" time="0">
    <failure message="expected:&lt;-2147483648&gt; but was:&lt;8&gt;" type="java.lang.AssertionError"><![CDATA[java.lang.AssertionError: expected:<-2147483648> but was:<8>
	at org.csc.nsk.java2020.task01.arrays.ArraysTest.testMax(ArraysTest.java:32)
]]></failure>
  </testcase>
  <testcase name="testMin" classname="org.csc.nsk.java2020.task01.arrays.ArraysTest" time="0">
    <failure message="expected:&lt;2147483647&gt; but was:&lt;2&gt;" type="java.lang.AssertionError"><![CDATA[java.lang.AssertionError: expected:<2147483647> but was:<2>
	at org.csc.nsk.java2020.task01.arrays.ArraysTest.testMin(ArraysTest.java:27)
]]></failure>
  </testcase>
  <testcase name="testSort" classname="org.csc.nsk.java2020.task01.arrays.ArraysTest" time="0.001">
    <failure type="java.lang.AssertionError">java.lang.AssertionError
	at org.csc.nsk.java2020.task01.arrays.ArraysTest.testSort(ArraysTest.java:22)
</failure>
  </testcase>
  <testcase name="testLongestGrowing" classname="org.csc.nsk.java2020.task01.arrays.ArraysTest" time="0">
    <failure type="java.lang.AssertionError">java.lang.AssertionError
	at org.csc.nsk.java2020.task01.arrays.ArraysTest.testLongestGrowing(ArraysTest.java:48)
</failure>
  </testcase>
  <testcase name="testReverse" classname="org.csc.nsk.java2020.task01.arrays.ArraysTest" time="0">
    <failure type="java.lang.AssertionError">java.lang.AssertionError
	at org.csc.nsk.java2020.task01.arrays.ArraysTest.testReverse(ArraysTest.java:15)
</failure>
  </testcase>
  <testcase name="testMedian" classname="org.csc.nsk.java2020.task01.arrays.ArraysTest" time="0.001">
    <failure message="expected:&lt;0.0&gt; but was:&lt;2.0&gt;" type="java.lang.AssertionError"><![CDATA[java.lang.AssertionError: expected:<0.0> but was:<2.0>
	at org.csc.nsk.java2020.task01.arrays.ArraysTest.testMedian(ArraysTest.java:42)
]]></failure>
  </testcase>
</testsuite>